# JRE version: Java(TM) SE Runtime Environment (8.0_111-b14) (build 1.8.0_111-b14)
# Java VM: Java HotSpot(TM) Client VM (25.111-b14 mixed mode windows-x86 )
Heap:
 def new generation   total 25920K, used 11638K [0x04800000, 0x06410000, 0x09d50000)
  eden space 23104K,  42% used [0x04800000, 0x0517a548, 0x05e90000)
  from space 2816K,  68% used [0x06150000, 0x06333358, 0x06410000)
  to   space 2816K,   0% used [0x05e90000, 0x05e90000, 0x06150000)
 tenured generation   total 57396K, used 53642K [0x09d50000, 0x0d55d000, 0x14800000)
   the space 57396K,  93% used [0x09d50000, 0x0d1b2a70, 0x0d1b2c00, 0x0d55d000)
 Metaspace       used 3341K, capacity 3408K, committed 3520K, reserved 4480K
GC Heap History (10 events):
Event: 5.376 GC heap before
{Heap before GC invocations=156 (full 3):
 def new generation   total 25920K, used 25025K [0x04800000, 0x06410000, 0x09d50000)
  eden space 23104K, 100% used [0x04800000, 0x05e90000, 0x05e90000)
  from space 2816K,  68% used [0x05e90000, 0x060704b8, 0x06150000)
  to   space 2816K,   0% used [0x06150000, 0x06150000, 0x06410000)
 tenured generation   total 57396K, used 50443K [0x09d50000, 0x0d55d000, 0x14800000)
   the space 57396K,  87% used [0x09d50000, 0x0ce92d90, 0x0ce92e00, 0x0d55d000)
 Metaspace       used 3289K, capacity 3344K, committed 3392K, reserved 4480K
Event: 5.385 GC heap after
Heap after GC invocations=157 (full 3):
 def new generation   total 25920K, used 1921K [0x04800000, 0x06410000, 0x09d50000)
  eden space 23104K,   0% used [0x04800000, 0x04800000, 0x05e90000)
  from space 2816K,  68% used [0x06150000, 0x063304b8, 0x06410000)
  to   space 2816K,   0% used [0x05e90000, 0x05e90000, 0x06150000)
 tenured generation   total 57396K, used 51083K [0x09d50000, 0x0d55d000, 0x14800000)
   the space 57396K,  89% used [0x09d50000, 0x0cf32cf0, 0x0cf32e00, 0x0d55d000)
 Metaspace       used 3289K, capacity 3344K, committed 3392K, reserved 4480K
}
Event: 5.441 GC heap before
{Heap before GC invocations=157 (full 3):
 def new generation   total 25920K, used 25025K [0x04800000, 0x06410000, 0x09d50000)
  eden space 23104K, 100% used [0x04800000, 0x05e90000, 0x05e90000)
  from space 2816K,  68% used [0x06150000, 0x063304b8, 0x06410000)
  to   space 2816K,   0% used [0x05e90000, 0x05e90000, 0x06150000)
 tenured generation   total 57396K, used 51083K [0x09d50000, 0x0d55d000, 0x14800000)
   the space 57396K,  89% used [0x09d50000, 0x0cf32cf0, 0x0cf32e00, 0x0d55d000)
 Metaspace       used 3289K, capacity 3344K, committed 3392K, reserved 4480K
Event: 5.451 GC heap after
Heap after GC invocations=158 (full 3):
 def new generation   total 25920K, used 1921K [0x04800000, 0x06410000, 0x09d50000)
  eden space 23104K,   0% used [0x04800000, 0x04800000, 0x05e90000)
  from space 2816K,  68% used [0x05e90000, 0x060704b8, 0x06150000)
  to   space 2816K,   0% used [0x06150000, 0x06150000, 0x06410000)
 tenured generation   total 57396K, used 51723K [0x09d50000, 0x0d55d000, 0x14800000)
   the space 57396K,  90% used [0x09d50000, 0x0cfd2c50, 0x0cfd2e00, 0x0d55d000)
 Metaspace       used 3289K, capacity 3344K, committed 3392K, reserved 4480K
}
Event: 5.511 GC heap before
{Heap before GC invocations=158 (full 3):
 def new generation   total 25920K, used 25025K [0x04800000, 0x06410000, 0x09d50000)
  eden space 23104K, 100% used [0x04800000, 0x05e90000, 0x05e90000)
  from space 2816K,  68% used [0x05e90000, 0x060704b8, 0x06150000)
  to   space 2816K,   0% used [0x06150000, 0x06150000, 0x06410000)
 tenured generation   total 57396K, used 51723K [0x09d50000, 0x0d55d000, 0x14800000)
   the space 57396K,  90% used [0x09d50000, 0x0cfd2c50, 0x0cfd2e00, 0x0d55d000)
 Metaspace       used 3289K, capacity 3344K, committed 3392K, reserved 4480K
Event: 5.521 GC heap after
Heap after GC invocations=159 (full 3):
 def new generation   total 25920K, used 1921K [0x04800000, 0x06410000, 0x09d50000)
  eden space 23104K,   0% used [0x04800000, 0x04800000, 0x05e90000)
  from space 2816K,  68% used [0x06150000, 0x063304b8, 0x06410000)
  to   space 2816K,   0% used [0x05e90000, 0x05e90000, 0x06150000)
 tenured generation   total 57396K, used 52362K [0x09d50000, 0x0d55d000, 0x14800000)
   the space 57396K,  91% used [0x09d50000, 0x0d072bb0, 0x0d072c00, 0x0d55d000)
 Metaspace       used 3289K, capacity 3344K, committed 3392K, reserved 4480K
}
Event: 5.581 GC heap before
{Heap before GC invocations=159 (full 3):
 def new generation   total 25920K, used 25025K [0x04800000, 0x06410000, 0x09d50000)
  eden space 23104K, 100% used [0x04800000, 0x05e90000, 0x05e90000)
  from space 2816K,  68% used [0x06150000, 0x063304b8, 0x06410000)
  to   space 2816K,   0% used [0x05e90000, 0x05e90000, 0x06150000)
 tenured generation   total 57396K, used 52362K [0x09d50000, 0x0d55d000, 0x14800000)
   the space 57396K,  91% used [0x09d50000, 0x0d072bb0, 0x0d072c00, 0x0d55d000)
 Metaspace       used 3289K, capacity 3344K, committed 3392K, reserved 4480K
Event: 5.591 GC heap after
Heap after GC invocations=160 (full 3):
 def new generation   total 25920K, used 1919K [0x04800000, 0x06410000, 0x09d50000)
  eden space 23104K,   0% used [0x04800000, 0x04800000, 0x05e90000)
  from space 2816K,  68% used [0x05e90000, 0x0606fdf8, 0x06150000)
  to   space 2816K,   0% used [0x06150000, 0x06150000, 0x06410000)
 tenured generation   total 57396K, used 53002K [0x09d50000, 0x0d55d000, 0x14800000)
   the space 57396K,  92% used [0x09d50000, 0x0d112b10, 0x0d112c00, 0x0d55d000)
 Metaspace       used 3289K, capacity 3344K, committed 3392K, reserved 4480K
}
Event: 5.647 GC heap before
{Heap before GC invocations=160 (full 3):
 def new generation   total 25920K, used 25023K [0x04800000, 0x06410000, 0x09d50000)
  eden space 23104K, 100% used [0x04800000, 0x05e90000, 0x05e90000)
  from space 2816K,  68% used [0x05e90000, 0x0606fdf8, 0x06150000)
  to   space 2816K,   0% used [0x06150000, 0x06150000, 0x06410000)
 tenured generation   total 57396K, used 53002K [0x09d50000, 0x0d55d000, 0x14800000)
   the space 57396K,  92% used [0x09d50000, 0x0d112b10, 0x0d112c00, 0x0d55d000)
 Metaspace       used 3289K, capacity 3344K, committed 3392K, reserved 4480K
Event: 5.658 GC heap after
Heap after GC invocations=161 (full 3):
 def new generation   total 25920K, used 1932K [0x04800000, 0x06410000, 0x09d50000)
  eden space 23104K,   0% used [0x04800000, 0x04800000, 0x05e90000)
  from space 2816K,  68% used [0x06150000, 0x06333358, 0x06410000)
  to   space 2816K,   0% used [0x05e90000, 0x05e90000, 0x06150000)
 tenured generation   total 57396K, used 53642K [0x09d50000, 0x0d55d000, 0x14800000)
   the space 57396K,  93% used [0x09d50000, 0x0d1b2a70, 0x0d1b2c00, 0x0d55d000)
 Metaspace       used 3289K, capacity 3344K, committed 3392K, reserved 4480K
}

